2022-05-29 23:28:22,715  INFO [main] SauceDemoProject12FebBatchv1:45 - Browser is open
2022-05-29 23:33:41,624  INFO [TestNG-test=ChromeTest-1] SauceDemoProject12FebBatchv1:44 - Browser is open
2022-05-29 23:35:43,094  INFO [TestNG-test=ChromeTest-1] SauceDemoProject12FebBatchv1:44 - Browser is open
2022-05-29 23:40:56,703  INFO [TestNG-test=ChromeTest-1] SauceDemoProject12FebBatchv1:44 - Browser is open
2022-05-29 23:41:43,701  INFO [main] SauceDemoProject12FebBatchv1:44 - Browser is open
2022-05-29 23:45:31,529  INFO [main] SauceDemoProject12FebBatchv1:44 - Browser is open
2022-05-30 00:18:25,152  INFO [TestNG-test=ChromeTest-1] SauceDemoProject12FebBatchv1:44 - Browser is open
2022-05-30 00:41:18,281  INFO [TestNG-test=ChromeTest-1] SauceDemoProject12FebBatchv1:43 - Browser is open
2022-05-30 00:44:20,199  INFO [TestNG-test=ChromeTest-1] SauceDemoProject12FebBatchv1:43 - Browser is open
2022-05-30 00:47:26,243  INFO [main] SauceDemoProject12FebBatchv1:43 - Browser is open
2022-05-30 18:36:46,197  INFO [main] SauceDemoProject12FebBatchv1:43 - Browser is open
2022-05-30 18:36:51,468  INFO [main] SauceDemoProject12FebBatchv1:47 - Screenshot if taken from Swag Labs page
2022-05-30 18:36:57,115  INFO [main] SauceDemoProject12FebBatchv1:47 - Screenshot if taken from Swag Labs page
2022-05-30 18:37:02,475  INFO [main] SauceDemoProject12FebBatchv1:47 - Screenshot if taken from Swag Labs page
2022-05-30 18:37:02,475  INFO [main] SauceDemoProject12FebBatchv1:20 - Successfully Login
2022-05-30 18:43:02,585  INFO [TestNG-test=Test-3] SauceDemoProject12FebBatchv1:43 - Browser is open
2022-05-30 18:43:02,645  INFO [TestNG-test=Test-1] SauceDemoProject12FebBatchv1:43 - Browser is open
2022-05-30 18:43:02,776  INFO [TestNG-test=Test-2] SauceDemoProject12FebBatchv1:43 - Browser is open
2022-05-30 18:43:02,911  INFO [TestNG-test=Test-4] SauceDemoProject12FebBatchv1:43 - Browser is open
2022-05-30 18:43:07,852  INFO [TestNG-test=Test-3] SauceDemoProject12FebBatchv1:47 - Screenshot if taken from Swag Labs page
2022-05-30 18:43:07,924  INFO [TestNG-test=Test-1] SauceDemoProject12FebBatchv1:47 - Screenshot if taken from Swag Labs page
2022-05-30 18:43:07,950  INFO [TestNG-test=Test-3] SauceDemoProject12FebBatchv1:58 - username is enterd
2022-05-30 18:43:08,018  INFO [TestNG-test=Test-3] SauceDemoProject12FebBatchv1:63 - password is enterd
2022-05-30 18:43:08,019  INFO [TestNG-test=Test-1] SauceDemoProject12FebBatchv1:58 - username is enterd
2022-05-30 18:43:08,098  INFO [TestNG-test=Test-1] SauceDemoProject12FebBatchv1:63 - password is enterd
2022-05-30 18:43:08,104  INFO [TestNG-test=Test-2] SauceDemoProject12FebBatchv1:47 - Screenshot if taken from Swag Labs page
2022-05-30 18:43:08,110  INFO [TestNG-test=Test-3] SauceDemoProject12FebBatchv1:69 - login button is pressed
2022-05-30 18:43:08,209  INFO [TestNG-test=Test-2] SauceDemoProject12FebBatchv1:58 - username is enterd
2022-05-30 18:43:08,222  INFO [TestNG-test=Test-1] SauceDemoProject12FebBatchv1:69 - login button is pressed
2022-05-30 18:43:08,229  INFO [TestNG-test=Test-4] SauceDemoProject12FebBatchv1:47 - Screenshot if taken from Swag Labs page
2022-05-30 18:43:08,282  INFO [TestNG-test=Test-2] SauceDemoProject12FebBatchv1:63 - password is enterd
2022-05-30 18:43:08,314  INFO [TestNG-test=Test-4] SauceDemoProject12FebBatchv1:58 - username is enterd
2022-05-30 18:43:08,378  INFO [TestNG-test=Test-4] SauceDemoProject12FebBatchv1:63 - password is enterd
2022-05-30 18:43:08,378  INFO [TestNG-test=Test-2] SauceDemoProject12FebBatchv1:69 - login button is pressed
2022-05-30 18:43:08,478  INFO [TestNG-test=Test-4] SauceDemoProject12FebBatchv1:69 - login button is pressed
2022-05-30 18:43:13,465  INFO [TestNG-test=Test-3] SauceDemoProject12FebBatchv1:47 - Screenshot if taken from Swag Labs page
2022-05-30 18:43:13,514  INFO [TestNG-test=Test-1] SauceDemoProject12FebBatchv1:47 - Screenshot if taken from Swag Labs page
2022-05-30 18:43:13,696  INFO [TestNG-test=Test-2] SauceDemoProject12FebBatchv1:47 - Screenshot if taken from Swag Labs page
2022-05-30 18:43:13,735  INFO [TestNG-test=Test-4] SauceDemoProject12FebBatchv1:47 - Screenshot if taken from Swag Labs page
2022-05-30 18:43:18,924  INFO [TestNG-test=Test-3] SauceDemoProject12FebBatchv1:47 - Screenshot if taken from Swag Labs page
2022-05-30 18:43:19,066  INFO [TestNG-test=Test-1] SauceDemoProject12FebBatchv1:47 - Screenshot if taken from Swag Labs page
2022-05-30 18:43:19,085  INFO [TestNG-test=Test-4] SauceDemoProject12FebBatchv1:47 - Screenshot if taken from Swag Labs page
2022-05-30 18:43:19,085  INFO [TestNG-test=Test-4] SauceDemoProject12FebBatchv1:20 - Successfully Login
2022-05-30 18:43:22,132  INFO [TestNG-test=Test-2] SauceDemoProject12FebBatchv1:47 - Screenshot if taken from Swag Labs page
2022-05-30 18:45:52,959  INFO [TestNG-test=Test-1] SauceDemoProject12FebBatchv1:43 - Browser is open
2022-05-30 18:45:53,052  INFO [TestNG-test=Test-2] SauceDemoProject12FebBatchv1:43 - Browser is open
2022-05-30 18:45:53,200  INFO [TestNG-test=Test-4] SauceDemoProject12FebBatchv1:43 - Browser is open
2022-05-30 18:45:53,515  INFO [TestNG-test=Test-3] SauceDemoProject12FebBatchv1:43 - Browser is open
2022-05-30 18:45:58,248  INFO [TestNG-test=Test-1] SauceDemoProject12FebBatchv1:47 - Screenshot if taken from Swag Labs page
2022-05-30 18:45:58,334  INFO [TestNG-test=Test-1] SauceDemoProject12FebBatchv1:58 - username is enterd
2022-05-30 18:45:58,353  INFO [TestNG-test=Test-2] SauceDemoProject12FebBatchv1:47 - Screenshot if taken from Swag Labs page
2022-05-30 18:45:58,396  INFO [TestNG-test=Test-1] SauceDemoProject12FebBatchv1:63 - password is enterd
2022-05-30 18:45:58,430  INFO [TestNG-test=Test-2] SauceDemoProject12FebBatchv1:58 - username is enterd
2022-05-30 18:45:58,484  INFO [TestNG-test=Test-4] SauceDemoProject12FebBatchv1:47 - Screenshot if taken from Swag Labs page
2022-05-30 18:45:58,494  INFO [TestNG-test=Test-2] SauceDemoProject12FebBatchv1:63 - password is enterd
2022-05-30 18:45:58,499  INFO [TestNG-test=Test-1] SauceDemoProject12FebBatchv1:69 - login button is pressed
2022-05-30 18:45:58,573  INFO [TestNG-test=Test-4] SauceDemoProject12FebBatchv1:58 - username is enterd
2022-05-30 18:45:58,594  INFO [TestNG-test=Test-2] SauceDemoProject12FebBatchv1:69 - login button is pressed
2022-05-30 18:45:58,650  INFO [TestNG-test=Test-4] SauceDemoProject12FebBatchv1:63 - password is enterd
2022-05-30 18:45:58,733  INFO [TestNG-test=Test-4] SauceDemoProject12FebBatchv1:69 - login button is pressed
2022-05-30 18:45:58,807  INFO [TestNG-test=Test-3] SauceDemoProject12FebBatchv1:47 - Screenshot if taken from Swag Labs page
2022-05-30 18:45:58,856  INFO [TestNG-test=Test-3] SauceDemoProject12FebBatchv1:58 - username is enterd
2022-05-30 18:45:58,900  INFO [TestNG-test=Test-3] SauceDemoProject12FebBatchv1:63 - password is enterd
2022-05-30 18:45:58,962  INFO [TestNG-test=Test-3] SauceDemoProject12FebBatchv1:69 - login button is pressed
2022-05-30 18:46:03,747  INFO [TestNG-test=Test-1] SauceDemoProject12FebBatchv1:47 - Screenshot if taken from Swag Labs page
2022-05-30 18:46:03,861  INFO [TestNG-test=Test-2] SauceDemoProject12FebBatchv1:47 - Screenshot if taken from Swag Labs page
2022-05-30 18:46:04,028  INFO [TestNG-test=Test-4] SauceDemoProject12FebBatchv1:47 - Screenshot if taken from Swag Labs page
2022-05-30 18:46:04,307  INFO [TestNG-test=Test-3] SauceDemoProject12FebBatchv1:47 - Screenshot if taken from Swag Labs page
2022-05-30 18:46:09,228  INFO [TestNG-test=Test-1] SauceDemoProject12FebBatchv1:47 - Screenshot if taken from Swag Labs page
2022-05-30 18:46:09,366  INFO [TestNG-test=Test-4] SauceDemoProject12FebBatchv1:47 - Screenshot if taken from Swag Labs page
2022-05-30 18:46:09,366  INFO [TestNG-test=Test-4] SauceDemoProject12FebBatchv1:20 - Successfully Login
2022-05-30 18:46:09,710  INFO [TestNG-test=Test-3] SauceDemoProject12FebBatchv1:47 - Screenshot if taken from Swag Labs page
2022-05-30 18:46:12,346  INFO [TestNG-test=Test-2] SauceDemoProject12FebBatchv1:47 - Screenshot if taken from Swag Labs page
2022-05-30 18:49:15,238  INFO [TestNG-test=Test-3] SauceDemoProject12FebBatchv1:43 - Browser is open
2022-05-30 18:49:15,549  INFO [TestNG-test=Test-2] SauceDemoProject12FebBatchv1:43 - Browser is open
2022-05-30 18:49:15,551  INFO [TestNG-test=Test-4] SauceDemoProject12FebBatchv1:43 - Browser is open
2022-05-30 18:49:15,882  INFO [TestNG-test=Test-1] SauceDemoProject12FebBatchv1:43 - Browser is open
2022-05-30 18:49:20,498  INFO [TestNG-test=Test-3] SauceDemoProject12FebBatchv1:47 - Screenshot if taken from Swag Labs page
2022-05-30 18:49:20,577  INFO [TestNG-test=Test-3] SauceDemoProject12FebBatchv1:58 - username is enterd
2022-05-30 18:49:20,620  INFO [TestNG-test=Test-3] SauceDemoProject12FebBatchv1:63 - password is enterd
2022-05-30 18:49:20,681  INFO [TestNG-test=Test-3] SauceDemoProject12FebBatchv1:69 - login button is pressed
2022-05-30 18:49:20,819  INFO [TestNG-test=Test-2] SauceDemoProject12FebBatchv1:47 - Screenshot if taken from Swag Labs page
2022-05-30 18:49:20,835  INFO [TestNG-test=Test-4] SauceDemoProject12FebBatchv1:47 - Screenshot if taken from Swag Labs page
2022-05-30 18:49:20,905  INFO [TestNG-test=Test-2] SauceDemoProject12FebBatchv1:58 - username is enterd
2022-05-30 18:49:20,911  INFO [TestNG-test=Test-4] SauceDemoProject12FebBatchv1:58 - username is enterd
2022-05-30 18:49:20,959  INFO [TestNG-test=Test-2] SauceDemoProject12FebBatchv1:63 - password is enterd
2022-05-30 18:49:20,966  INFO [TestNG-test=Test-4] SauceDemoProject12FebBatchv1:63 - password is enterd
2022-05-30 18:49:21,047  INFO [TestNG-test=Test-2] SauceDemoProject12FebBatchv1:69 - login button is pressed
2022-05-30 18:49:21,052  INFO [TestNG-test=Test-4] SauceDemoProject12FebBatchv1:69 - login button is pressed
2022-05-30 18:49:21,175  INFO [TestNG-test=Test-1] SauceDemoProject12FebBatchv1:47 - Screenshot if taken from Swag Labs page
2022-05-30 18:49:21,228  INFO [TestNG-test=Test-1] SauceDemoProject12FebBatchv1:58 - username is enterd
2022-05-30 18:49:21,270  INFO [TestNG-test=Test-1] SauceDemoProject12FebBatchv1:63 - password is enterd
2022-05-30 18:49:21,330  INFO [TestNG-test=Test-1] SauceDemoProject12FebBatchv1:69 - login button is pressed
2022-05-30 18:49:25,900  INFO [TestNG-test=Test-3] SauceDemoProject12FebBatchv1:47 - Screenshot if taken from Swag Labs page
2022-05-30 18:49:26,268  INFO [TestNG-test=Test-2] SauceDemoProject12FebBatchv1:47 - Screenshot if taken from Swag Labs page
2022-05-30 18:49:26,338  INFO [TestNG-test=Test-4] SauceDemoProject12FebBatchv1:47 - Screenshot if taken from Swag Labs page
2022-05-30 18:49:26,590  INFO [TestNG-test=Test-1] SauceDemoProject12FebBatchv1:47 - Screenshot if taken from Swag Labs page
2022-05-30 18:49:31,283  INFO [TestNG-test=Test-3] SauceDemoProject12FebBatchv1:47 - Screenshot if taken from Swag Labs page
2022-05-30 18:49:31,756  INFO [TestNG-test=Test-4] SauceDemoProject12FebBatchv1:47 - Screenshot if taken from Swag Labs page
2022-05-30 18:49:31,756  INFO [TestNG-test=Test-4] SauceDemoProject12FebBatchv1:20 - Successfully Login
2022-05-30 18:49:32,048  INFO [TestNG-test=Test-1] SauceDemoProject12FebBatchv1:47 - Screenshot if taken from Swag Labs page
2022-05-30 18:49:34,741  INFO [TestNG-test=Test-2] SauceDemoProject12FebBatchv1:47 - Screenshot if taken from Swag Labs page
2022-05-30 18:51:17,420  INFO [TestNG-test=Test-4] SauceDemoProject12FebBatchv1:43 - Browser is open
2022-05-30 18:51:17,661  INFO [TestNG-test=Test-1] SauceDemoProject12FebBatchv1:43 - Browser is open
2022-05-30 18:51:17,797  INFO [TestNG-test=Test-3] SauceDemoProject12FebBatchv1:43 - Browser is open
2022-05-30 18:51:18,219  INFO [TestNG-test=Test-2] SauceDemoProject12FebBatchv1:43 - Browser is open
2022-05-30 18:52:59,446  INFO [TestNG-test=Test-4] SauceDemoProject12FebBatchv1:43 - Browser is open
2022-05-30 18:52:59,671  INFO [TestNG-test=Test-3] SauceDemoProject12FebBatchv1:43 - Browser is open
2022-05-30 18:52:59,870  INFO [TestNG-test=Test-1] SauceDemoProject12FebBatchv1:43 - Browser is open
2022-05-30 18:53:00,353  INFO [TestNG-test=Test-2] SauceDemoProject12FebBatchv1:43 - Browser is open
2022-05-30 18:54:17,937  INFO [TestNG-test=Test-1] SauceDemoProject12FebBatchv1:43 - Browser is open
2022-05-30 18:54:17,950  INFO [TestNG-test=Test-3] SauceDemoProject12FebBatchv1:43 - Browser is open
2022-05-30 18:54:17,998  INFO [TestNG-test=Test-2] SauceDemoProject12FebBatchv1:43 - Browser is open
2022-05-30 18:54:18,057  INFO [TestNG-test=Test-4] SauceDemoProject12FebBatchv1:43 - Browser is open
2022-05-30 18:54:23,214  INFO [TestNG-test=Test-1] SauceDemoProject12FebBatchv1:47 - Screenshot if taken from Swag Labs page
2022-05-30 18:54:23,256  INFO [TestNG-test=Test-3] SauceDemoProject12FebBatchv1:47 - Screenshot if taken from Swag Labs page
2022-05-30 18:54:23,322  INFO [TestNG-test=Test-2] SauceDemoProject12FebBatchv1:47 - Screenshot if taken from Swag Labs page
2022-05-30 18:54:23,335  INFO [TestNG-test=Test-1] SauceDemoProject12FebBatchv1:58 - username is enterd
2022-05-30 18:54:23,355  INFO [TestNG-test=Test-3] SauceDemoProject12FebBatchv1:58 - username is enterd
2022-05-30 18:54:23,358  INFO [TestNG-test=Test-4] SauceDemoProject12FebBatchv1:47 - Screenshot if taken from Swag Labs page
2022-05-30 18:54:23,412  INFO [TestNG-test=Test-1] SauceDemoProject12FebBatchv1:63 - password is enterd
2022-05-30 18:54:23,426  INFO [TestNG-test=Test-2] SauceDemoProject12FebBatchv1:58 - username is enterd
2022-05-30 18:54:23,440  INFO [TestNG-test=Test-3] SauceDemoProject12FebBatchv1:63 - password is enterd
2022-05-30 18:54:23,456  INFO [TestNG-test=Test-4] SauceDemoProject12FebBatchv1:58 - username is enterd
2022-05-30 18:54:23,513  INFO [TestNG-test=Test-2] SauceDemoProject12FebBatchv1:63 - password is enterd
2022-05-30 18:54:23,550  INFO [TestNG-test=Test-1] SauceDemoProject12FebBatchv1:69 - login button is pressed
2022-05-30 18:54:23,555  INFO [TestNG-test=Test-4] SauceDemoProject12FebBatchv1:63 - password is enterd
2022-05-30 18:54:23,586  INFO [TestNG-test=Test-3] SauceDemoProject12FebBatchv1:69 - login button is pressed
2022-05-30 18:54:23,659  INFO [TestNG-test=Test-2] SauceDemoProject12FebBatchv1:69 - login button is pressed
2022-05-30 18:54:23,697  INFO [TestNG-test=Test-4] SauceDemoProject12FebBatchv1:69 - login button is pressed
2022-05-30 18:54:28,775  INFO [TestNG-test=Test-1] SauceDemoProject12FebBatchv1:47 - Screenshot if taken from Swag Labs page
2022-05-30 18:54:28,821  INFO [TestNG-test=Test-3] SauceDemoProject12FebBatchv1:47 - Screenshot if taken from Swag Labs page
2022-05-30 18:54:28,844  INFO [TestNG-test=Test-4] SauceDemoProject12FebBatchv1:47 - Screenshot if taken from Swag Labs page
2022-05-30 18:54:28,872  INFO [TestNG-test=Test-2] SauceDemoProject12FebBatchv1:47 - Screenshot if taken from Swag Labs page
2022-05-30 18:54:33,989  INFO [TestNG-test=Test-4] SauceDemoProject12FebBatchv1:47 - Screenshot if taken from Swag Labs page
2022-05-30 18:54:33,990  INFO [TestNG-test=Test-4] SauceDemoProject12FebBatchv1:20 - Successfully Login
2022-05-30 18:54:34,234  INFO [TestNG-test=Test-1] SauceDemoProject12FebBatchv1:47 - Screenshot if taken from Swag Labs page
2022-05-30 18:54:34,246  INFO [TestNG-test=Test-3] SauceDemoProject12FebBatchv1:47 - Screenshot if taken from Swag Labs page
2022-05-30 18:54:37,331  INFO [TestNG-test=Test-2] SauceDemoProject12FebBatchv1:47 - Screenshot if taken from Swag Labs page
2022-05-31 23:02:44,937  INFO [TestNG-test=Test-2] SauceDemoProject12FebBatchv1:46 - Browser is open
2022-05-31 23:02:45,240  INFO [TestNG-test=Test-1] SauceDemoProject12FebBatchv1:46 - Browser is open
2022-05-31 23:02:45,970  INFO [TestNG-test=Test-4] SauceDemoProject12FebBatchv1:46 - Browser is open
2022-05-31 23:02:46,355  INFO [TestNG-test=Test-3] SauceDemoProject12FebBatchv1:46 - Browser is open
2022-05-31 23:02:50,372  INFO [TestNG-test=Test-2] SauceDemoProject12FebBatchv1:47 - Screenshot if taken from Swag Labs page
2022-05-31 23:02:50,561  INFO [TestNG-test=Test-2] SauceDemoProject12FebBatchv1:61 - username is enterd
2022-05-31 23:02:50,628  INFO [TestNG-test=Test-1] SauceDemoProject12FebBatchv1:47 - Screenshot if taken from Swag Labs page
2022-05-31 23:02:50,662  INFO [TestNG-test=Test-2] SauceDemoProject12FebBatchv1:66 - password is enterd
2022-05-31 23:02:50,761  INFO [TestNG-test=Test-1] SauceDemoProject12FebBatchv1:61 - username is enterd
2022-05-31 23:02:50,806  INFO [TestNG-test=Test-2] SauceDemoProject12FebBatchv1:72 - login button is pressed
2022-05-31 23:02:50,886  INFO [TestNG-test=Test-1] SauceDemoProject12FebBatchv1:66 - password is enterd
2022-05-31 23:02:51,016  INFO [TestNG-test=Test-1] SauceDemoProject12FebBatchv1:72 - login button is pressed
2022-05-31 23:02:51,390  INFO [TestNG-test=Test-4] SauceDemoProject12FebBatchv1:47 - Screenshot if taken from Swag Labs page
2022-05-31 23:02:51,580  INFO [TestNG-test=Test-4] SauceDemoProject12FebBatchv1:61 - username is enterd
2022-05-31 23:02:51,717  INFO [TestNG-test=Test-4] SauceDemoProject12FebBatchv1:66 - password is enterd
2022-05-31 23:02:51,884  INFO [TestNG-test=Test-3] SauceDemoProject12FebBatchv1:47 - Screenshot if taken from Swag Labs page
2022-05-31 23:02:51,925  INFO [TestNG-test=Test-4] SauceDemoProject12FebBatchv1:72 - login button is pressed
2022-05-31 23:02:52,084  INFO [TestNG-test=Test-3] SauceDemoProject12FebBatchv1:61 - username is enterd
2022-05-31 23:02:52,242  INFO [TestNG-test=Test-3] SauceDemoProject12FebBatchv1:66 - password is enterd
2022-05-31 23:02:52,433  INFO [TestNG-test=Test-3] SauceDemoProject12FebBatchv1:72 - login button is pressed
2022-05-31 23:02:56,434  INFO [TestNG-test=Test-1] SauceDemoProject12FebBatchv1:47 - Screenshot if taken from Swag Labs page
2022-05-31 23:02:56,544  INFO [TestNG-test=Test-2] SauceDemoProject12FebBatchv1:47 - Screenshot if taken from Swag Labs page
2022-05-31 23:02:57,494  INFO [TestNG-test=Test-4] SauceDemoProject12FebBatchv1:47 - Screenshot if taken from Swag Labs page
2022-05-31 23:02:57,494  INFO [TestNG-test=Test-4] SauceDemoProject12FebBatchv1:20 - Successfully Login
2022-05-31 23:02:57,919  INFO [TestNG-test=Test-3] SauceDemoProject12FebBatchv1:47 - Screenshot if taken from Swag Labs page
2022-05-31 23:03:52,331  INFO [TestNG-test=Test-1] SauceDemoProject12FebBatchv1:46 - Browser is open
2022-05-31 23:03:52,777  INFO [TestNG-test=Test-3] SauceDemoProject12FebBatchv1:46 - Browser is open
2022-05-31 23:03:52,963  INFO [TestNG-test=Test-4] SauceDemoProject12FebBatchv1:46 - Browser is open
2022-05-31 23:03:53,431  INFO [TestNG-test=Test-2] SauceDemoProject12FebBatchv1:46 - Browser is open
2022-05-31 23:03:57,697  INFO [TestNG-test=Test-1] SauceDemoProject12FebBatchv1:47 - Screenshot if taken from Swag Labs page
2022-05-31 23:03:57,859  INFO [TestNG-test=Test-1] SauceDemoProject12FebBatchv1:61 - username is enterd
2022-05-31 23:03:57,952  INFO [TestNG-test=Test-1] SauceDemoProject12FebBatchv1:66 - password is enterd
2022-05-31 23:03:58,077  INFO [TestNG-test=Test-1] SauceDemoProject12FebBatchv1:72 - login button is pressed
2022-05-31 23:03:58,248  INFO [TestNG-test=Test-3] SauceDemoProject12FebBatchv1:47 - Screenshot if taken from Swag Labs page
2022-05-31 23:03:58,355  INFO [TestNG-test=Test-3] SauceDemoProject12FebBatchv1:61 - username is enterd
2022-05-31 23:03:58,460  INFO [TestNG-test=Test-4] SauceDemoProject12FebBatchv1:47 - Screenshot if taken from Swag Labs page
2022-05-31 23:03:58,467  INFO [TestNG-test=Test-3] SauceDemoProject12FebBatchv1:66 - password is enterd
2022-05-31 23:03:58,590  INFO [TestNG-test=Test-4] SauceDemoProject12FebBatchv1:61 - username is enterd
2022-05-31 23:03:58,611  INFO [TestNG-test=Test-3] SauceDemoProject12FebBatchv1:72 - login button is pressed
2022-05-31 23:03:58,704  INFO [TestNG-test=Test-4] SauceDemoProject12FebBatchv1:66 - password is enterd
2022-05-31 23:03:58,827  INFO [TestNG-test=Test-4] SauceDemoProject12FebBatchv1:72 - login button is pressed
2022-05-31 23:03:58,889  INFO [TestNG-test=Test-2] SauceDemoProject12FebBatchv1:47 - Screenshot if taken from Swag Labs page
2022-05-31 23:03:59,001  INFO [TestNG-test=Test-2] SauceDemoProject12FebBatchv1:61 - username is enterd
2022-05-31 23:03:59,099  INFO [TestNG-test=Test-2] SauceDemoProject12FebBatchv1:66 - password is enterd
2022-05-31 23:03:59,214  INFO [TestNG-test=Test-2] SauceDemoProject12FebBatchv1:72 - login button is pressed
2022-05-31 23:04:03,356  INFO [TestNG-test=Test-1] SauceDemoProject12FebBatchv1:47 - Screenshot if taken from Swag Labs page
2022-05-31 23:04:03,876  INFO [TestNG-test=Test-3] SauceDemoProject12FebBatchv1:47 - Screenshot if taken from Swag Labs page
2022-05-31 23:04:04,236  INFO [TestNG-test=Test-4] SauceDemoProject12FebBatchv1:47 - Screenshot if taken from Swag Labs page
2022-05-31 23:04:04,639  INFO [TestNG-test=Test-2] SauceDemoProject12FebBatchv1:47 - Screenshot if taken from Swag Labs page
